<?xml version="1.0" encoding="UTF-8"?>
<!-- Generated by org.testng.reporters.JUnitReportReporter -->
<testsuite hostname="Shiva" name="com.sample.Test.ScrollBar" tests="1" failures="0" timestamp="19 Jan 2020 12:10:38 GMT" time="12.184" errors="0">
  <testcase name="display" time="12.184" classname="com.sample.Test.ScrollBar"/>
</testsuite> <!-- com.sample.Test.ScrollBar -->
