<?xml version="1.0" encoding="UTF-8"?>
<!-- Generated by org.testng.reporters.JUnitReportReporter -->
<testsuite hostname="Shiva" name="com.sample.bimbo.Fileupload" tests="1" failures="0" timestamp="19 Jan 2020 12:10:38 GMT" time="9.082" errors="0">
  <testcase name="display1" time="9.082" classname="com.sample.bimbo.Fileupload"/>
</testsuite> <!-- com.sample.bimbo.Fileupload -->
