<?xml version="1.0" encoding="UTF-8"?>
<!-- Generated by org.testng.reporters.JUnitReportReporter -->
<testsuite hostname="Shiva" name="com.sample.bimbo.Fileupload" tests="1" failures="0" timestamp="23 Jan 2020 13:48:30 GMT" time="15.077" errors="0">
  <testcase name="display1" time="15.077" classname="com.sample.bimbo.Fileupload"/>
</testsuite> <!-- com.sample.bimbo.Fileupload -->
