<?xml version="1.0" encoding="UTF-8"?>
<!-- Generated by org.testng.reporters.JUnitReportReporter -->
<testsuite hostname="Shiva" name="com.sample.Test.ScrollBar" tests="1" failures="0" timestamp="23 Jan 2020 12:06:21 GMT" time="26.501" errors="0">
  <testcase name="display" time="26.501" classname="com.sample.Test.ScrollBar"/>
</testsuite> <!-- com.sample.Test.ScrollBar -->
